\begin{center}
\begin{tabular}{lclc}
\toprule
\textbf{Dep. Variable:}   &      casos       & \textbf{  No. Observations:  } &      573    \\
\textbf{Model:}           &       GLM        & \textbf{  Df Residuals:      } &      569    \\
\textbf{Model Family:}    & NegativeBinomial & \textbf{  Df Model:          } &        3    \\
\textbf{Link Function:}   &       Log        & \textbf{  Scale:             } &    1.0000   \\
\textbf{Method:}          &       IRLS       & \textbf{  Log-Likelihood:    } &   -2691.5   \\
\textbf{Date:}            & Fri, 28 Mar 2025 & \textbf{  Deviance:          } &    682.50   \\
\textbf{Time:}            &     22:29:20     & \textbf{  Pearson chi2:      } &     663.    \\
\textbf{No. Iterations:}  &        58        & \textbf{  Pseudo R-squ. (CS):} &   0.9018    \\
\textbf{Covariance Type:} &    nonrobust     & \textbf{                     } &             \\
\bottomrule
\end{tabular}
\begin{tabular}{lcccccc}
                       & \textbf{coef} & \textbf{std err} & \textbf{z} & \textbf{P$> |$z$|$} & \textbf{[0.025} & \textbf{0.975]}  \\
\midrule
\textbf{Intercept}     &       1.0579  &        0.519     &     2.040  &         0.041        &        0.041    &        2.074     \\
\textbf{tempmed\_lag1} &       0.0062  &        0.015     &     0.427  &         0.669        &       -0.022    &        0.035     \\
\textbf{umidmed\_lag1} &       0.0245  &        0.004     &     6.143  &         0.000        &        0.017    &        0.032     \\
\textbf{casos\_lag1}   &       0.0047  &        0.000     &    43.148  &         0.000        &        0.005    &        0.005     \\
\bottomrule
\end{tabular}
%\caption{Generalized Linear Model Regression Results}
\end{center}
