\begin{center}
\begin{tabular}{lclc}
\toprule
\textbf{Dep. Variable:}       &  monthly\_cases  & \textbf{  No. Observations:  } &      131    \\
\textbf{Model:}               &       GLM        & \textbf{  Df Residuals:      } &      127    \\
\textbf{Model Family:}        & NegativeBinomial & \textbf{  Df Model:          } &        3    \\
\textbf{Link Function:}       &       Log        & \textbf{  Scale:             } &    1.0000   \\
\textbf{Method:}              &       IRLS       & \textbf{  Log-Likelihood:    } &   -856.19   \\
\textbf{Date:}                & Fri, 28 Mar 2025 & \textbf{  Deviance:          } &    240.13   \\
\textbf{Time:}                &     22:21:16     & \textbf{  Pearson chi2:      } &     371.    \\
\textbf{No. Iterations:}      &        11        & \textbf{  Pseudo R-squ. (CS):} &   0.7956    \\
\textbf{Covariance Type:}     &    nonrobust     & \textbf{                     } &             \\
\bottomrule
\end{tabular}
\begin{tabular}{lcccccc}
                              & \textbf{coef} & \textbf{std err} & \textbf{z} & \textbf{P$> |$z$|$} & \textbf{[0.025} & \textbf{0.975]}  \\
\midrule
\textbf{Intercept}            &     -11.9252  &        1.448     &    -8.233  &         0.000        &      -14.764    &       -9.086     \\
\textbf{temp\_mean\_lag1}     &       0.3719  &        0.039     &     9.451  &         0.000        &        0.295    &        0.449     \\
\textbf{humidity\_mean\_lag1} &       0.1198  &        0.012     &    10.005  &         0.000        &        0.096    &        0.143     \\
\textbf{precipitation\_lag1}  &      -0.0015  &        0.001     &    -1.230  &         0.219        &       -0.004    &        0.001     \\
\bottomrule
\end{tabular}
%\caption{Generalized Linear Model Regression Results}
\end{center}
